# JRE version: OpenJDK Runtime Environment Temurin-21.0.10+7 (21.0.10+7) (build 21.0.10+7-LTS)
# Java VM: OpenJDK 64-Bit Server VM Temurin-21.0.10+7 (21.0.10+7-LTS, mixed mode, sharing, tiered, compressed oops, compressed class ptrs, parallel gc, windows-amd64)
GC Precious Log:
 CardTable entry size: 512
 CPUs: 8 total, 8 available
 Memory: 7879M
 Large Page Support: Disabled
 NUMA Support: Disabled
 Compressed Oops: Enabled (32-bit)
 Alignments: Space 512K, Generation 512K, Heap 2M
 Heap Min Capacity: 100M
 Heap Initial Capacity: 100M
 Heap Max Capacity: 2G
 Pre-touch: Disabled
 Parallel Workers: 8
Heap:
 PSYoungGen      total 10240K, used 9938K [0x00000000d5580000, 0x00000000d6280000, 0x0000000100000000)
  eden space 9216K, 97% used [0x00000000d5580000,0x00000000d5e3b798,0x00000000d5e80000)
  from space 1024K, 97% used [0x00000000d5f00000,0x00000000d5ff9210,0x00000000d6000000)
  to   space 2048K, 0% used [0x00000000d6080000,0x00000000d6080000,0x00000000d6280000)
 ParOldGen       total 1222656K, used 1222435K [0x0000000080000000, 0x00000000caa00000, 0x00000000d5580000)
  object space 1222656K, 99% used [0x0000000080000000,0x00000000ca9c8ff0,0x00000000caa00000)
 Metaspace       used 96780K, committed 98624K, reserved 1179648K
  class space    used 9504K, committed 10304K, reserved 1048576K
GC Heap History (20 events):
Event: 69381.840 GC heap before
{Heap before GC invocations=4095 (full 6):
 PSYoungGen      total 9728K, used 9680K [0x00000000d5580000, 0x00000000d6100000, 0x0000000100000000)
  eden space 9216K, 100% used [0x00000000d5580000,0x00000000d5e80000,0x00000000d5e80000)
  from space 512K, 90% used [0x00000000d6000000,0x00000000d6074308,0x00000000d6080000)
  to   space 512K, 0% used [0x00000000d6080000,0x00000000d6080000,0x00000000d6100000)
 ParOldGen       total 1186304K, used 1186026K [0x0000000080000000, 0x00000000c8680000, 0x00000000d5580000)
  object space 1186304K, 99% used [0x0000000080000000,0x00000000c863abf8,0x00000000c8680000)
 Metaspace       used 96725K, committed 98560K, reserved 1179648K
  class space    used 9504K, committed 10304K, reserved 1048576K
}
Event: 69381.842 GC heap after
{Heap after GC invocations=4095 (full 6):
 PSYoungGen      total 9728K, used 256K [0x00000000d5580000, 0x00000000d6100000, 0x0000000100000000)
  eden space 9216K, 0% used [0x00000000d5580000,0x00000000d5580000,0x00000000d5e80000)
  from space 512K, 50% used [0x00000000d6080000,0x00000000d60c0000,0x00000000d6100000)
  to   space 512K, 0% used [0x00000000d6000000,0x00000000d6000000,0x00000000d6080000)
 ParOldGen       total 1186304K, used 1186050K [0x0000000080000000, 0x00000000c8680000, 0x00000000d5580000)
  object space 1186304K, 99% used [0x0000000080000000,0x00000000c8640bf8,0x00000000c8680000)
 Metaspace       used 96725K, committed 98560K, reserved 1179648K
  class space    used 9504K, committed 10304K, reserved 1048576K
}
Event: 69381.854 GC heap before
{Heap before GC invocations=4096 (full 6):
 PSYoungGen      total 9728K, used 9472K [0x00000000d5580000, 0x00000000d6100000, 0x0000000100000000)
  eden space 9216K, 100% used [0x00000000d5580000,0x00000000d5e80000,0x00000000d5e80000)
  from space 512K, 50% used [0x00000000d6080000,0x00000000d60c0000,0x00000000d6100000)
  to   space 512K, 0% used [0x00000000d6000000,0x00000000d6000000,0x00000000d6080000)
 ParOldGen       total 1186304K, used 1186050K [0x0000000080000000, 0x00000000c8680000, 0x00000000d5580000)
  object space 1186304K, 99% used [0x0000000080000000,0x00000000c8640bf8,0x00000000c8680000)
 Metaspace       used 96725K, committed 98560K, reserved 1179648K
  class space    used 9504K, committed 10304K, reserved 1048576K
}
Event: 69381.856 GC heap after
{Heap after GC invocations=4096 (full 6):
 PSYoungGen      total 9728K, used 224K [0x00000000d5580000, 0x00000000d6100000, 0x0000000100000000)
  eden space 9216K, 0% used [0x00000000d5580000,0x00000000d5580000,0x00000000d5e80000)
  from space 512K, 43% used [0x00000000d6000000,0x00000000d6038000,0x00000000d6080000)
  to   space 512K, 0% used [0x00000000d6080000,0x00000000d6080000,0x00000000d6100000)
 ParOldGen       total 1186304K, used 1186186K [0x0000000080000000, 0x00000000c8680000, 0x00000000d5580000)
  object space 1186304K, 99% used [0x0000000080000000,0x00000000c8662bf8,0x00000000c8680000)
 Metaspace       used 96725K, committed 98560K, reserved 1179648K
  class space    used 9504K, committed 10304K, reserved 1048576K
}
Event: 69381.867 GC heap before
{Heap before GC invocations=4097 (full 6):
 PSYoungGen      total 9728K, used 9440K [0x00000000d5580000, 0x00000000d6100000, 0x0000000100000000)
  eden space 9216K, 100% used [0x00000000d5580000,0x00000000d5e80000,0x00000000d5e80000)
  from space 512K, 43% used [0x00000000d6000000,0x00000000d6038000,0x00000000d6080000)
  to   space 512K, 0% used [0x00000000d6080000,0x00000000d6080000,0x00000000d6100000)
 ParOldGen       total 1186304K, used 1186186K [0x0000000080000000, 0x00000000c8680000, 0x00000000d5580000)
  object space 1186304K, 99% used [0x0000000080000000,0x00000000c8662bf8,0x00000000c8680000)
 Metaspace       used 96725K, committed 98560K, reserved 1179648K
  class space    used 9504K, committed 10304K, reserved 1048576K
}
Event: 69381.869 GC heap after
{Heap after GC invocations=4097 (full 6):
 PSYoungGen      total 9728K, used 305K [0x00000000d5580000, 0x00000000d6100000, 0x0000000100000000)
  eden space 9216K, 0% used [0x00000000d5580000,0x00000000d5580000,0x00000000d5e80000)
  from space 512K, 59% used [0x00000000d6080000,0x00000000d60cc7d0,0x00000000d6100000)
  to   space 512K, 0% used [0x00000000d6000000,0x00000000d6000000,0x00000000d6080000)
 ParOldGen       total 1186304K, used 1186282K [0x0000000080000000, 0x00000000c8680000, 0x00000000d5580000)
  object space 1186304K, 99% used [0x0000000080000000,0x00000000c867abf8,0x00000000c8680000)
 Metaspace       used 96725K, committed 98560K, reserved 1179648K
  class space    used 9504K, committed 10304K, reserved 1048576K
}
Event: 69381.923 GC heap before
{Heap before GC invocations=4098 (full 6):
 PSYoungGen      total 9728K, used 9521K [0x00000000d5580000, 0x00000000d6100000, 0x0000000100000000)
  eden space 9216K, 100% used [0x00000000d5580000,0x00000000d5e80000,0x00000000d5e80000)
  from space 512K, 59% used [0x00000000d6080000,0x00000000d60cc7d0,0x00000000d6100000)
  to   space 512K, 0% used [0x00000000d6000000,0x00000000d6000000,0x00000000d6080000)
 ParOldGen       total 1186304K, used 1186282K [0x0000000080000000, 0x00000000c8680000, 0x00000000d5580000)
  object space 1186304K, 99% used [0x0000000080000000,0x00000000c867abf8,0x00000000c8680000)
 Metaspace       used 96726K, committed 98560K, reserved 1179648K
  class space    used 9504K, committed 10304K, reserved 1048576K
}
Event: 69381.926 GC heap after
{Heap after GC invocations=4098 (full 6):
 PSYoungGen      total 9728K, used 490K [0x00000000d5580000, 0x00000000d6100000, 0x0000000100000000)
  eden space 9216K, 0% used [0x00000000d5580000,0x00000000d5580000,0x00000000d5e80000)
  from space 512K, 95% used [0x00000000d6000000,0x00000000d607a910,0x00000000d6080000)
  to   space 512K, 0% used [0x00000000d6080000,0x00000000d6080000,0x00000000d6100000)
 ParOldGen       total 1186816K, used 1186479K [0x0000000080000000, 0x00000000c8700000, 0x00000000d5580000)
  object space 1186816K, 99% used [0x0000000080000000,0x00000000c86abdf8,0x00000000c8700000)
 Metaspace       used 96726K, committed 98560K, reserved 1179648K
  class space    used 9504K, committed 10304K, reserved 1048576K
}
Event: 69390.354 GC heap before
{Heap before GC invocations=4099 (full 6):
 PSYoungGen      total 9728K, used 9706K [0x00000000d5580000, 0x00000000d6100000, 0x0000000100000000)
  eden space 9216K, 100% used [0x00000000d5580000,0x00000000d5e80000,0x00000000d5e80000)
  from space 512K, 95% used [0x00000000d6000000,0x00000000d607a910,0x00000000d6080000)
  to   space 512K, 0% used [0x00000000d6080000,0x00000000d6080000,0x00000000d6100000)
 ParOldGen       total 1218560K, used 1217199K [0x0000000080000000, 0x00000000ca600000, 0x00000000d5580000)
  object space 1218560K, 99% used [0x0000000080000000,0x00000000ca4abe28,0x00000000ca600000)
 Metaspace       used 96762K, committed 98624K, reserved 1179648K
  class space    used 9504K, committed 10304K, reserved 1048576K
}
Event: 69390.359 GC heap after
{Heap after GC invocations=4099 (full 6):
 PSYoungGen      total 9728K, used 512K [0x00000000d5580000, 0x00000000d6180000, 0x0000000100000000)
  eden space 9216K, 0% used [0x00000000d5580000,0x00000000d5580000,0x00000000d5e80000)
  from space 512K, 100% used [0x00000000d6080000,0x00000000d6100000,0x00000000d6100000)
  to   space 1536K, 0% used [0x00000000d5e80000,0x00000000d5e80000,0x00000000d6000000)
 ParOldGen       total 1218560K, used 1217727K [0x0000000080000000, 0x00000000ca600000, 0x00000000d5580000)
  object space 1218560K, 99% used [0x0000000080000000,0x00000000ca52fd58,0x00000000ca600000)
 Metaspace       used 96762K, committed 98624K, reserved 1179648K
  class space    used 9504K, committed 10304K, reserved 1048576K
}
Event: 84812.043 GC heap before
{Heap before GC invocations=4100 (full 6):
 PSYoungGen      total 9728K, used 9728K [0x00000000d5580000, 0x00000000d6180000, 0x0000000100000000)
  eden space 9216K, 100% used [0x00000000d5580000,0x00000000d5e80000,0x00000000d5e80000)
  from space 512K, 100% used [0x00000000d6080000,0x00000000d6100000,0x00000000d6100000)
  to   space 1536K, 0% used [0x00000000d5e80000,0x00000000d5e80000,0x00000000d6000000)
 ParOldGen       total 1218560K, used 1217727K [0x0000000080000000, 0x00000000ca600000, 0x00000000d5580000)
  object space 1218560K, 99% used [0x0000000080000000,0x00000000ca52fd58,0x00000000ca600000)
 Metaspace       used 96766K, committed 98624K, reserved 1179648K
  class space    used 9504K, committed 10304K, reserved 1048576K
}
Event: 84812.263 GC heap after
{Heap after GC invocations=4100 (full 6):
 PSYoungGen      total 10752K, used 1524K [0x00000000d5580000, 0x00000000d6280000, 0x0000000100000000)
  eden space 9216K, 0% used [0x00000000d5580000,0x00000000d5580000,0x00000000d5e80000)
  from space 1536K, 99% used [0x00000000d5e80000,0x00000000d5ffd088,0x00000000d6000000)
  to   space 2048K, 0% used [0x00000000d6080000,0x00000000d6080000,0x00000000d6280000)
 ParOldGen       total 1218560K, used 1218071K [0x0000000080000000, 0x00000000ca600000, 0x00000000d5580000)
  object space 1218560K, 99% used [0x0000000080000000,0x00000000ca585d58,0x00000000ca600000)
 Metaspace       used 96766K, committed 98624K, reserved 1179648K
  class space    used 9504K, committed 10304K, reserved 1048576K
}
Event: 84812.431 GC heap before
{Heap before GC invocations=4101 (full 6):
 PSYoungGen      total 10752K, used 10740K [0x00000000d5580000, 0x00000000d6280000, 0x0000000100000000)
  eden space 9216K, 100% used [0x00000000d5580000,0x00000000d5e80000,0x00000000d5e80000)
  from space 1536K, 99% used [0x00000000d5e80000,0x00000000d5ffd088,0x00000000d6000000)
  to   space 2048K, 0% used [0x00000000d6080000,0x00000000d6080000,0x00000000d6280000)
 ParOldGen       total 1218560K, used 1218071K [0x0000000080000000, 0x00000000ca600000, 0x00000000d5580000)
  object space 1218560K, 99% used [0x0000000080000000,0x00000000ca585d58,0x00000000ca600000)
 Metaspace       used 96766K, committed 98624K, reserved 1179648K
  class space    used 9504K, committed 10304K, reserved 1048576K
}
Event: 84812.437 GC heap after
{Heap after GC invocations=4101 (full 6):
 PSYoungGen      total 11264K, used 1832K [0x00000000d5580000, 0x00000000d6280000, 0x0000000100000000)
  eden space 9216K, 0% used [0x00000000d5580000,0x00000000d5580000,0x00000000d5e80000)
  from space 2048K, 89% used [0x00000000d6080000,0x00000000d624a338,0x00000000d6280000)
  to   space 2048K, 0% used [0x00000000d5e80000,0x00000000d5e80000,0x00000000d6080000)
 ParOldGen       total 1219584K, used 1219497K [0x0000000080000000, 0x00000000ca700000, 0x00000000d5580000)
  object space 1219584K, 99% used [0x0000000080000000,0x00000000ca6ea660,0x00000000ca700000)
 Metaspace       used 96766K, committed 98624K, reserved 1179648K
  class space    used 9504K, committed 10304K, reserved 1048576K
}
Event: 84814.941 GC heap before
{Heap before GC invocations=4102 (full 6):
 PSYoungGen      total 11264K, used 11048K [0x00000000d5580000, 0x00000000d6280000, 0x0000000100000000)
  eden space 9216K, 100% used [0x00000000d5580000,0x00000000d5e80000,0x00000000d5e80000)
  from space 2048K, 89% used [0x00000000d6080000,0x00000000d624a338,0x00000000d6280000)
  to   space 2048K, 0% used [0x00000000d5e80000,0x00000000d5e80000,0x00000000d6080000)
 ParOldGen       total 1219584K, used 1219497K [0x0000000080000000, 0x00000000ca700000, 0x00000000d5580000)
  object space 1219584K, 99% used [0x0000000080000000,0x00000000ca6ea660,0x00000000ca700000)
 Metaspace       used 96768K, committed 98624K, reserved 1179648K
  class space    used 9504K, committed 10304K, reserved 1048576K
}
Event: 84814.950 GC heap after
{Heap after GC invocations=4102 (full 6):
 PSYoungGen      total 11264K, used 1662K [0x00000000d5580000, 0x00000000d6280000, 0x0000000100000000)
  eden space 9216K, 0% used [0x00000000d5580000,0x00000000d5580000,0x00000000d5e80000)
  from space 2048K, 81% used [0x00000000d5e80000,0x00000000d601fb50,0x00000000d6080000)
  to   space 2048K, 0% used [0x00000000d6080000,0x00000000d6080000,0x00000000d6280000)
 ParOldGen       total 1221120K, used 1220774K [0x0000000080000000, 0x00000000ca880000, 0x00000000d5580000)
  object space 1221120K, 99% used [0x0000000080000000,0x00000000ca8298b0,0x00000000ca880000)
 Metaspace       used 96768K, committed 98624K, reserved 1179648K
  class space    used 9504K, committed 10304K, reserved 1048576K
}
Event: 84815.853 GC heap before
{Heap before GC invocations=4103 (full 6):
 PSYoungGen      total 11264K, used 10878K [0x00000000d5580000, 0x00000000d6280000, 0x0000000100000000)
  eden space 9216K, 99% used [0x00000000d5580000,0x00000000d5e7fff0,0x00000000d5e80000)
  from space 2048K, 81% used [0x00000000d5e80000,0x00000000d601fb50,0x00000000d6080000)
  to   space 2048K, 0% used [0x00000000d6080000,0x00000000d6080000,0x00000000d6280000)
 ParOldGen       total 1221120K, used 1220774K [0x0000000080000000, 0x00000000ca880000, 0x00000000d5580000)
  object space 1221120K, 99% used [0x0000000080000000,0x00000000ca8298b0,0x00000000ca880000)
 Metaspace       used 96768K, committed 98624K, reserved 1179648K
  class space    used 9504K, committed 10304K, reserved 1048576K
}
Event: 84815.860 GC heap after
{Heap after GC invocations=4103 (full 6):
 PSYoungGen      total 9728K, used 336K [0x00000000d5580000, 0x00000000d6100000, 0x0000000100000000)
  eden space 9216K, 0% used [0x00000000d5580000,0x00000000d5580000,0x00000000d5e80000)
  from space 512K, 65% used [0x00000000d6080000,0x00000000d60d4010,0x00000000d6100000)
  to   space 1024K, 0% used [0x00000000d5f00000,0x00000000d5f00000,0x00000000d6000000)
 ParOldGen       total 1222144K, used 1221967K [0x0000000080000000, 0x00000000ca980000, 0x00000000d5580000)
  object space 1222144K, 99% used [0x0000000080000000,0x00000000ca953dd0,0x00000000ca980000)
 Metaspace       used 96768K, committed 98624K, reserved 1179648K
  class space    used 9504K, committed 10304K, reserved 1048576K
}
Event: 84816.142 GC heap before
{Heap before GC invocations=4104 (full 6):
 PSYoungGen      total 9728K, used 9552K [0x00000000d5580000, 0x00000000d6100000, 0x0000000100000000)
  eden space 9216K, 100% used [0x00000000d5580000,0x00000000d5e80000,0x00000000d5e80000)
  from space 512K, 65% used [0x00000000d6080000,0x00000000d60d4010,0x00000000d6100000)
  to   space 1024K, 0% used [0x00000000d5f00000,0x00000000d5f00000,0x00000000d6000000)
 ParOldGen       total 1222144K, used 1221967K [0x0000000080000000, 0x00000000ca980000, 0x00000000d5580000)
  object space 1222144K, 99% used [0x0000000080000000,0x00000000ca953dd0,0x00000000ca980000)
 Metaspace       used 96780K, committed 98624K, reserved 1179648K
  class space    used 9504K, committed 10304K, reserved 1048576K
}
Event: 84816.147 GC heap after
{Heap after GC invocations=4104 (full 6):
 PSYoungGen      total 10240K, used 996K [0x00000000d5580000, 0x00000000d6280000, 0x0000000100000000)
  eden space 9216K, 0% used [0x00000000d5580000,0x00000000d5580000,0x00000000d5e80000)
  from space 1024K, 97% used [0x00000000d5f00000,0x00000000d5ff9210,0x00000000d6000000)
  to   space 2048K, 0% used [0x00000000d6080000,0x00000000d6080000,0x00000000d6280000)
 ParOldGen       total 1222656K, used 1222435K [0x0000000080000000, 0x00000000caa00000, 0x00000000d5580000)
  object space 1222656K, 99% used [0x0000000080000000,0x00000000ca9c8ff0,0x00000000caa00000)
 Metaspace       used 96780K, committed 98624K, reserved 1179648K
  class space    used 9504K, committed 10304K, reserved 1048576K
}

